<?xml version="1.0" ?>
<testsuite errors="0" failures="0" name="cms.tests.rendering.RenderingTestCase" tests="10" time="0.005">
	<testcase classname="cms.tests.rendering.RenderingTestCase" name="test_00_details_view" time="0.001"/>
	<testcase classname="cms.tests.rendering.RenderingTestCase" name="test_01_processors" time="0.001"/>
	<testcase classname="cms.tests.rendering.RenderingTestCase" name="test_02_placeholder" time="0.001"/>
	<testcase classname="cms.tests.rendering.RenderingTestCase" name="test_03_placeholderor" time="0.001"/>
	<testcase classname="cms.tests.rendering.RenderingTestCase" name="test_04_show_placeholder" time="0.001"/>
	<testcase classname="cms.tests.rendering.RenderingTestCase" name="test_05_show_uncached_placeholder" time="0.001"/>
	<testcase classname="cms.tests.rendering.RenderingTestCase" name="test_06_page_url" time="0.001"/>
	<testcase classname="cms.tests.rendering.RenderingTestCase" name="test_07_page_attribute" time="0.001"/>
	<testcase classname="cms.tests.rendering.RenderingTestCase" name="test_08_mail_managers" time="0.001"/>
	<testcase classname="cms.tests.rendering.RenderingTestCase" name="test_09_inherit_placeholder" time="0.001"/>
	<system-out>
<![CDATA[]]>	</system-out>
	<system-err>
<![CDATA[/home/jonas/workspace/django-cms/cms/models/pluginmodel.py:176: DontUsePageAttributeWarning: Don't use the page attribute on CMSPlugins! CMSPlugins are not guaranteed to have a page associated with them!
  DontUsePageAttributeWarning)
/home/jonas/workspace/_shared_eggs/unittest_xml_reporting-1.0.3-py2.6.egg/xmlrunner/__init__.py:220: DeprecationWarning: BaseException.message has been deprecated as of Python 2.6
  failure.setAttribute('message', test_result.err[1].message)
]]>	</system-err>
</testsuite>
