<?xml version="1.0" ?>
<testsuite errors="0" failures="0" name="doctest.DocTestCase" tests="2" time="0.001">
	<testcase classname="doctest.DocTestCase" name="runTest" time="0.001"/>
	<testcase classname="doctest.DocTestCase" name="runTest" time="0.001"/>
	<system-out>
<![CDATA[]]>	</system-out>
	<system-err>
<![CDATA[/home/jonas/workspace/django-cms/cms/models/pluginmodel.py:176: DontUsePageAttributeWarning: Don't use the page attribute on CMSPlugins! CMSPlugins are not guaranteed to have a page associated with them!
  DontUsePageAttributeWarning)
/home/jonas/workspace/_shared_eggs/unittest_xml_reporting-1.0.3-py2.6.egg/xmlrunner/__init__.py:220: DeprecationWarning: BaseException.message has been deprecated as of Python 2.6
  failure.setAttribute('message', test_result.err[1].message)
]]>	</system-err>
</testsuite>
