<?xml version="1.0" ?>
<testsuite errors="0" failures="0" name="cms.tests.page.PagesTestCase" tests="10" time="0.005">
	<testcase classname="cms.tests.page.PagesTestCase" name="test_01_add_page" time="0.001"/>
	<testcase classname="cms.tests.page.PagesTestCase" name="test_02_create_page" time="0.001"/>
	<testcase classname="cms.tests.page.PagesTestCase" name="test_03_slug_collision" time="0.001"/>
	<testcase classname="cms.tests.page.PagesTestCase" name="test_04_details_view" time="0.001"/>
	<testcase classname="cms.tests.page.PagesTestCase" name="test_05_edit_page" time="0.001"/>
	<testcase classname="cms.tests.page.PagesTestCase" name="test_06_meta_description_and_keywords_fields_from_admin" time="0.001"/>
	<testcase classname="cms.tests.page.PagesTestCase" name="test_07_meta_description_and_keywords_from_template_tags" time="0.001"/>
	<testcase classname="cms.tests.page.PagesTestCase" name="test_08_copy_page" time="0.001"/>
	<testcase classname="cms.tests.page.PagesTestCase" name="test_09_language_change" time="0.001"/>
	<testcase classname="cms.tests.page.PagesTestCase" name="test_10_move_page" time="0.001"/>
	<system-out>
<![CDATA[]]>	</system-out>
	<system-err>
<![CDATA[/home/jonas/workspace/django-cms/cms/models/pluginmodel.py:176: DontUsePageAttributeWarning: Don't use the page attribute on CMSPlugins! CMSPlugins are not guaranteed to have a page associated with them!
  DontUsePageAttributeWarning)
/home/jonas/workspace/_shared_eggs/unittest_xml_reporting-1.0.3-py2.6.egg/xmlrunner/__init__.py:220: DeprecationWarning: BaseException.message has been deprecated as of Python 2.6
  failure.setAttribute('message', test_result.err[1].message)
]]>	</system-err>
</testsuite>
